<?xml version="1.0" encoding="UTF-8"?>
<!-- Generated by org.testng.reporters.JUnitReportReporter -->
<testsuite hostname="Nikil" name="com.Mobile_Framework.testcases.market" tests="1" failures="0" timestamp="4 May 2018 19:39:02 GMT" time="114.926" errors="0">
  <testcase name="TestB" time="114.926" classname="com.Mobile_Framework.testcases.market"/>
</testsuite> <!-- com.Mobile_Framework.testcases.market -->
